<?xml version="1.0" encoding="UTF-8"?>
<!-- Generated by org.testng.reporters.JUnitReportReporter -->
<testsuite skipped="0" hostname="RBOHRA01" name="test.ExtentReportDemoWithTestNG" tests="2" failures="0" timestamp="09 Jan 2020 14:07:06 GMT" time="2.883" errors="0">
  <testcase name="test1" time="2.326" classname="test.ExtentReportDemoWithTestNG"/>
  <testcase name="test2" time="0.557" classname="test.ExtentReportDemoWithTestNG"/>
</testsuite> <!-- test.ExtentReportDemoWithTestNG -->
