<?xml version="1.0" encoding="UTF-8"?>
<!-- Generated by org.testng.reporters.JUnitReportReporter -->
<testsuite skipped="0" hostname="RBOHRA01" name="test.TestNG_Demo" tests="1" failures="0" timestamp="10 Jan 2020 13:18:11 GMT" time="5.253" errors="0">
  <testcase name="googleSearch" time="5.253" classname="test.TestNG_Demo"/>
</testsuite> <!-- test.TestNG_Demo -->
