<?xml version="1.0" encoding="UTF-8"?>
<!-- Generated by org.testng.reporters.JUnitReportReporter -->
<testsuite skipped="0" hostname="RBOHRA01" name="test.ExtentReportDemoWithTestNG" tests="2" failures="0" timestamp="09 Jan 2020 13:07:34 GMT" time="3.348" errors="0">
  <testcase name="test1" time="2.648" classname="test.ExtentReportDemoWithTestNG"/>
  <testcase name="test2" time="0.700" classname="test.ExtentReportDemoWithTestNG"/>
</testsuite> <!-- test.ExtentReportDemoWithTestNG -->
