<?xml version="1.0" encoding="UTF-8"?>
<!-- Generated by org.testng.reporters.JUnitReportReporter -->
<testsuite skipped="0" hostname="RBOHRA01" name="test.TestNG_Demo" tests="1" failures="0" timestamp="08 Jan 2020 17:11:07 GMT" time="11.093" errors="0">
  <testcase name="googleSearch" time="11.093" classname="test.TestNG_Demo"/>
</testsuite> <!-- test.TestNG_Demo -->
