<?xml version="1.0" encoding="UTF-8"?>
<!-- Generated by org.testng.reporters.JUnitReportReporter -->
<testsuite skipped="0" hostname="RBOHRA01" name="test.TestNG_Demo" tests="1" failures="0" timestamp="09 Jan 2020 12:28:37 GMT" time="7.402" errors="0">
  <testcase name="googleSearch" time="7.402" classname="test.TestNG_Demo"/>
</testsuite> <!-- test.TestNG_Demo -->
